# JRE version: Java(TM) SE Runtime Environment (8.0_201-b09) (build 1.8.0_201-b09)
# Java VM: Java HotSpot(TM) 64-Bit Server VM (25.201-b09 mixed mode windows-amd64 compressed oops)
Heap:
 PSYoungGen      total 76288K, used 53275K [0x000000076ab00000, 0x0000000772b80000, 0x00000007c0000000)
  eden space 65536K, 81% used [0x000000076ab00000,0x000000076df06dc0,0x000000076eb00000)
  from space 10752K, 0% used [0x000000076eb00000,0x000000076eb00000,0x000000076f580000)
  to   space 10752K, 0% used [0x000000076f580000,0x000000076f580000,0x0000000770000000)
 ParOldGen       total 109056K, used 102533K [0x00000006c0000000, 0x00000006c6a80000, 0x000000076ab00000)
  object space 109056K, 94% used [0x00000006c0000000,0x00000006c64216b8,0x00000006c6a80000)
 Metaspace       used 16703K, capacity 16898K, committed 17280K, reserved 1067008K
  class space    used 2021K, capacity 2093K, committed 2176K, reserved 1048576K
GC Heap History (10 events):
Event: 3.137 GC heap before
{Heap before GC invocations=1 (full 0):
 PSYoungGen      total 76288K, used 46138K [0x000000076ab00000, 0x0000000770000000, 0x00000007c0000000)
  eden space 65536K, 70% used [0x000000076ab00000,0x000000076d80ea30,0x000000076eb00000)
  from space 10752K, 0% used [0x000000076f580000,0x000000076f580000,0x0000000770000000)
  to   space 10752K, 0% used [0x000000076eb00000,0x000000076eb00000,0x000000076f580000)
 ParOldGen       total 175104K, used 0K [0x00000006c0000000, 0x00000006cab00000, 0x000000076ab00000)
  object space 175104K, 0% used [0x00000006c0000000,0x00000006c0000000,0x00000006cab00000)
 Metaspace       used 10612K, capacity 10724K, committed 10880K, reserved 1064960K
  class space    used 1260K, capacity 1318K, committed 1408K, reserved 1048576K
Event: 3.170 GC heap after
Heap after GC invocations=1 (full 0):
 PSYoungGen      total 76288K, used 7560K [0x000000076ab00000, 0x0000000770000000, 0x00000007c0000000)
  eden space 65536K, 0% used [0x000000076ab00000,0x000000076ab00000,0x000000076eb00000)
  from space 10752K, 70% used [0x000000076eb00000,0x000000076f262008,0x000000076f580000)
  to   space 10752K, 0% used [0x000000076f580000,0x000000076f580000,0x0000000770000000)
 ParOldGen       total 175104K, used 80K [0x00000006c0000000, 0x00000006cab00000, 0x000000076ab00000)
  object space 175104K, 0% used [0x00000006c0000000,0x00000006c0014028,0x00000006cab00000)
 Metaspace       used 10612K, capacity 10724K, committed 10880K, reserved 1064960K
  class space    used 1260K, capacity 1318K, committed 1408K, reserved 1048576K
}
Event: 3.170 GC heap before
{Heap before GC invocations=2 (full 1):
 PSYoungGen      total 76288K, used 7560K [0x000000076ab00000, 0x0000000770000000, 0x00000007c0000000)
  eden space 65536K, 0% used [0x000000076ab00000,0x000000076ab00000,0x000000076eb00000)
  from space 10752K, 70% used [0x000000076eb00000,0x000000076f262008,0x000000076f580000)
  to   space 10752K, 0% used [0x000000076f580000,0x000000076f580000,0x0000000770000000)
 ParOldGen       total 175104K, used 80K [0x00000006c0000000, 0x00000006cab00000, 0x000000076ab00000)
  object space 175104K, 0% used [0x00000006c0000000,0x00000006c0014028,0x00000006cab00000)
 Metaspace       used 10612K, capacity 10724K, committed 10880K, reserved 1064960K
  class space    used 1260K, capacity 1318K, committed 1408K, reserved 1048576K
Event: 3.210 GC heap after
Heap after GC invocations=2 (full 1):
 PSYoungGen      total 76288K, used 0K [0x000000076ab00000, 0x0000000770000000, 0x00000007c0000000)
  eden space 65536K, 0% used [0x000000076ab00000,0x000000076ab00000,0x000000076eb00000)
  from space 10752K, 0% used [0x000000076eb00000,0x000000076eb00000,0x000000076f580000)
  to   space 10752K, 0% used [0x000000076f580000,0x000000076f580000,0x0000000770000000)
 ParOldGen       total 109056K, used 7309K [0x00000006c0000000, 0x00000006c6a80000, 0x000000076ab00000)
  object space 109056K, 6% used [0x00000006c0000000,0x00000006c0723788,0x00000006c6a80000)
 Metaspace       used 10612K, capacity 10724K, committed 10880K, reserved 1062912K
  class space    used 1260K, capacity 1318K, committed 1408K, reserved 1048576K
}
Event: 4.797 GC heap before
{Heap before GC invocations=3 (full 1):
 PSYoungGen      total 76288K, used 65536K [0x000000076ab00000, 0x0000000770000000, 0x00000007c0000000)
  eden space 65536K, 100% used [0x000000076ab00000,0x000000076eb00000,0x000000076eb00000)
  from space 10752K, 0% used [0x000000076eb00000,0x000000076eb00000,0x000000076f580000)
  to   space 10752K, 0% used [0x000000076f580000,0x000000076f580000,0x0000000770000000)
 ParOldGen       total 109056K, used 7309K [0x00000006c0000000, 0x00000006c6a80000, 0x000000076ab00000)
  object space 109056K, 6% used [0x00000006c0000000,0x00000006c0723788,0x00000006c6a80000)
 Metaspace       used 13685K, capacity 13904K, committed 14208K, reserved 1064960K
  class space    used 1712K, capacity 1800K, committed 1920K, reserved 1048576K
Event: 4.866 GC heap after
Heap after GC invocations=3 (full 1):
 PSYoungGen      total 76288K, used 10733K [0x000000076ab00000, 0x0000000772b80000, 0x00000007c0000000)
  eden space 65536K, 0% used [0x000000076ab00000,0x000000076ab00000,0x000000076eb00000)
  from space 10752K, 99% used [0x000000076f580000,0x000000076fffb690,0x0000000770000000)
  to   space 10752K, 0% used [0x000000076eb00000,0x000000076eb00000,0x000000076f580000)
 ParOldGen       total 109056K, used 35413K [0x00000006c0000000, 0x00000006c6a80000, 0x000000076ab00000)
  object space 109056K, 32% used [0x00000006c0000000,0x00000006c2295730,0x00000006c6a80000)
 Metaspace       used 13685K, capacity 13904K, committed 14208K, reserved 1064960K
  class space    used 1712K, capacity 1800K, committed 1920K, reserved 1048576K
}
Event: 4.989 GC heap before
{Heap before GC invocations=4 (full 1):
 PSYoungGen      total 76288K, used 76269K [0x000000076ab00000, 0x0000000772b80000, 0x00000007c0000000)
  eden space 65536K, 100% used [0x000000076ab00000,0x000000076eb00000,0x000000076eb00000)
  from space 10752K, 99% used [0x000000076f580000,0x000000076fffb690,0x0000000770000000)
  to   space 10752K, 0% used [0x000000076eb00000,0x000000076eb00000,0x000000076f580000)
 ParOldGen       total 109056K, used 35413K [0x00000006c0000000, 0x00000006c6a80000, 0x000000076ab00000)
  object space 109056K, 32% used [0x00000006c0000000,0x00000006c2295730,0x00000006c6a80000)
 Metaspace       used 14005K, capacity 14192K, committed 14464K, reserved 1064960K
  class space    used 1743K, capacity 1832K, committed 1920K, reserved 1048576K
Event: 5.075 GC heap after
Heap after GC invocations=4 (full 1):
 PSYoungGen      total 76288K, used 10744K [0x000000076ab00000, 0x0000000772b80000, 0x00000007c0000000)
  eden space 65536K, 0% used [0x000000076ab00000,0x000000076ab00000,0x000000076eb00000)
  from space 10752K, 99% used [0x000000076eb00000,0x000000076f57e068,0x000000076f580000)
  to   space 10752K, 0% used [0x000000076f580000,0x000000076f580000,0x0000000770000000)
 ParOldGen       total 109056K, used 97508K [0x00000006c0000000, 0x00000006c6a80000, 0x000000076ab00000)
  object space 109056K, 89% used [0x00000006c0000000,0x00000006c5f39160,0x00000006c6a80000)
 Metaspace       used 14005K, capacity 14192K, committed 14464K, reserved 1064960K
  class space    used 1743K, capacity 1832K, committed 1920K, reserved 1048576K
}
Event: 5.075 GC heap before
{Heap before GC invocations=5 (full 2):
 PSYoungGen      total 76288K, used 10744K [0x000000076ab00000, 0x0000000772b80000, 0x00000007c0000000)
  eden space 65536K, 0% used [0x000000076ab00000,0x000000076ab00000,0x000000076eb00000)
  from space 10752K, 99% used [0x000000076eb00000,0x000000076f57e068,0x000000076f580000)
  to   space 10752K, 0% used [0x000000076f580000,0x000000076f580000,0x0000000770000000)
 ParOldGen       total 109056K, used 97508K [0x00000006c0000000, 0x00000006c6a80000, 0x000000076ab00000)
  object space 109056K, 89% used [0x00000006c0000000,0x00000006c5f39160,0x00000006c6a80000)
 Metaspace       used 14005K, capacity 14192K, committed 14464K, reserved 1064960K
  class space    used 1743K, capacity 1832K, committed 1920K, reserved 1048576K
Event: 5.206 GC heap after
Heap after GC invocations=5 (full 2):
 PSYoungGen      total 76288K, used 0K [0x000000076ab00000, 0x0000000772b80000, 0x00000007c0000000)
  eden space 65536K, 0% used [0x000000076ab00000,0x000000076ab00000,0x000000076eb00000)
  from space 10752K, 0% used [0x000000076eb00000,0x000000076eb00000,0x000000076f580000)
  to   space 10752K, 0% used [0x000000076f580000,0x000000076f580000,0x0000000770000000)
 ParOldGen       total 109056K, used 102533K [0x00000006c0000000, 0x00000006c6a80000, 0x000000076ab00000)
  object space 109056K, 94% used [0x00000006c0000000,0x00000006c64216b8,0x00000006c6a80000)
 Metaspace       used 14005K, capacity 14192K, committed 14464K, reserved 1064960K
  class space    used 1743K, capacity 1832K, committed 1920K, reserved 1048576K
}

