<?xml version="1.0" encoding="UTF-8"?>
<testng-results skipped="0" failed="0" ignored="0" total="1" passed="1">
  <reporter-output>
  </reporter-output>
  <suite name="Default suite" duration-ms="237803" started-at="2020-01-13T14:30:24Z" finished-at="2020-01-13T14:34:22Z">
    <groups>
    </groups>
    <test name="Default test" duration-ms="237803" started-at="2020-01-13T14:30:24Z" finished-at="2020-01-13T14:34:22Z">
      <class name="AMOS_Regression.AMOSActivation">
        <test-method status="PASS" signature="main()[pri:0, instance:AMOS_Regression.AMOSActivation@26be92ad]" name="main" duration-ms="237753" started-at="2020-01-13T14:30:24Z" finished-at="2020-01-13T14:34:22Z">
          <reporter-output>
          </reporter-output>
        </test-method> <!-- main -->
      </class> <!-- AMOS_Regression.AMOSActivation -->
    </test> <!-- Default test -->
  </suite> <!-- Default suite -->
</testng-results>
